# JRE version: OpenJDK Runtime Environment Temurin-17.0.1+12 (17.0.1+12) (build 17.0.1+12)
# Java VM: OpenJDK Client VM Temurin-17.0.1+12 (17.0.1+12, mixed mode, emulated-client, serial gc, windows-x86)
GC Precious Log:
 CPUs: 4 total, 4 available
 Memory: 8077M
 Large Page Support: Disabled
 NUMA Support: Disabled
 Compressed Oops: Disabled
 Heap Min Capacity: 512M
 Heap Initial Capacity: 512M
 Heap Max Capacity: 1024M
 Pre-touch: Disabled
Heap:
 def new generation   total 187456K, used 53803K [0x05200000, 0x11d60000, 0x1a750000)
  eden space 166656K,  31% used [0x05200000, 0x0853e738, 0x0f4c0000)
  from space 20800K,   6% used [0x0f4c0000, 0x0f60c5d0, 0x10910000)
  to   space 20800K,   0% used [0x10910000, 0x10910000, 0x11d60000)
 tenured generation   total 416408K, used 249844K [0x1a750000, 0x33df6000, 0x45200000)
   the space 416408K,  59% used [0x1a750000, 0x29b4d118, 0x29b4d200, 0x33df6000)
 Metaspace       used 47978K, committed 48384K, reserved 49152K
GC Heap History (20 events):
Event: 132.161 GC heap before
{Heap before GC invocations=623 (full 2):
 def new generation   total 157376K, used 141471K [0x05200000, 0x0fcc0000, 0x1a750000)
  eden space 139904K, 100% used [0x05200000, 0x0daa0000, 0x0daa0000)
  from space 17472K,   8% used [0x0daa0000, 0x0dc27fb8, 0x0ebb0000)
  to   space 17472K,   0% used [0x0ebb0000, 0x0ebb0000, 0x0fcc0000)
 tenured generation   total 349568K, used 249463K [0x1a750000, 0x2fcb0000, 0x45200000)
   the space 349568K,  71% used [0x1a750000, 0x29aedda8, 0x29aede00, 0x2fcb0000)
 Metaspace       used 44798K, committed 45248K, reserved 49152K
}
Event: 132.167 GC heap after
{Heap after GC invocations=624 (full 2):
 def new generation   total 157376K, used 1538K [0x05200000, 0x0fcc0000, 0x1a750000)
  eden space 139904K,   0% used [0x05200000, 0x05200000, 0x0daa0000)
  from space 17472K,   8% used [0x0ebb0000, 0x0ed30ac8, 0x0fcc0000)
  to   space 17472K,   0% used [0x0daa0000, 0x0daa0000, 0x0ebb0000)
 tenured generation   total 349568K, used 249492K [0x1a750000, 0x2fcb0000, 0x45200000)
   the space 349568K,  71% used [0x1a750000, 0x29af5278, 0x29af5400, 0x2fcb0000)
 Metaspace       used 44798K, committed 45248K, reserved 49152K
}
Event: 132.379 GC heap before
{Heap before GC invocations=624 (full 2):
 def new generation   total 157376K, used 141442K [0x05200000, 0x0fcc0000, 0x1a750000)
  eden space 139904K, 100% used [0x05200000, 0x0daa0000, 0x0daa0000)
  from space 17472K,   8% used [0x0ebb0000, 0x0ed30ac8, 0x0fcc0000)
  to   space 17472K,   0% used [0x0daa0000, 0x0daa0000, 0x0ebb0000)
 tenured generation   total 349568K, used 249492K [0x1a750000, 0x2fcb0000, 0x45200000)
   the space 349568K,  71% used [0x1a750000, 0x29af5278, 0x29af5400, 0x2fcb0000)
 Metaspace       used 44798K, committed 45248K, reserved 49152K
}
Event: 132.386 GC heap after
{Heap after GC invocations=625 (full 2):
 def new generation   total 157376K, used 226K [0x05200000, 0x0fcc0000, 0x1a750000)
  eden space 139904K,   0% used [0x05200000, 0x05200000, 0x0daa0000)
  from space 17472K,   1% used [0x0daa0000, 0x0dad8b98, 0x0ebb0000)
  to   space 17472K,   0% used [0x0ebb0000, 0x0ebb0000, 0x0fcc0000)
 tenured generation   total 349568K, used 250839K [0x1a750000, 0x2fcb0000, 0x45200000)
   the space 349568K,  71% used [0x1a750000, 0x29c45dc0, 0x29c45e00, 0x2fcb0000)
 Metaspace       used 44798K, committed 45248K, reserved 49152K
}
Event: 132.579 GC heap before
{Heap before GC invocations=625 (full 2):
 def new generation   total 157376K, used 140130K [0x05200000, 0x0fcc0000, 0x1a750000)
  eden space 139904K, 100% used [0x05200000, 0x0daa0000, 0x0daa0000)
  from space 17472K,   1% used [0x0daa0000, 0x0dad8b98, 0x0ebb0000)
  to   space 17472K,   0% used [0x0ebb0000, 0x0ebb0000, 0x0fcc0000)
 tenured generation   total 349568K, used 250839K [0x1a750000, 0x2fcb0000, 0x45200000)
   the space 349568K,  71% used [0x1a750000, 0x29c45dc0, 0x29c45e00, 0x2fcb0000)
 Metaspace       used 44824K, committed 45312K, reserved 49152K
}
Event: 132.582 GC heap after
{Heap after GC invocations=626 (full 2):
 def new generation   total 157376K, used 247K [0x05200000, 0x0fcc0000, 0x1a750000)
  eden space 139904K,   0% used [0x05200000, 0x05200000, 0x0daa0000)
  from space 17472K,   1% used [0x0ebb0000, 0x0ebedfc0, 0x0fcc0000)
  to   space 17472K,   0% used [0x0daa0000, 0x0daa0000, 0x0ebb0000)
 tenured generation   total 349568K, used 250842K [0x1a750000, 0x2fcb0000, 0x45200000)
   the space 349568K,  71% used [0x1a750000, 0x29c46b88, 0x29c46c00, 0x2fcb0000)
 Metaspace       used 44824K, committed 45312K, reserved 49152K
}
Event: 132.721 GC heap before
{Heap before GC invocations=626 (full 2):
 def new generation   total 157376K, used 95531K [0x05200000, 0x0fcc0000, 0x1a750000)
  eden space 139904K,  68% used [0x05200000, 0x0af0cce0, 0x0daa0000)
  from space 17472K,   1% used [0x0ebb0000, 0x0ebedfc0, 0x0fcc0000)
  to   space 17472K,   0% used [0x0daa0000, 0x0daa0000, 0x0ebb0000)
 tenured generation   total 349568K, used 250842K [0x1a750000, 0x2fcb0000, 0x45200000)
   the space 349568K,  71% used [0x1a750000, 0x29c46b88, 0x29c46c00, 0x2fcb0000)
 Metaspace       used 45125K, committed 45568K, reserved 49152K
}
Event: 133.277 GC heap after
{Heap after GC invocations=627 (full 3):
 def new generation   total 187456K, used 0K [0x05200000, 0x11d60000, 0x1a750000)
  eden space 166656K,   0% used [0x05200000, 0x05200000, 0x0f4c0000)
  from space 20800K,   0% used [0x0f4c0000, 0x0f4c0000, 0x10910000)
  to   space 20800K,   0% used [0x10910000, 0x10910000, 0x11d60000)
 tenured generation   total 416408K, used 249844K [0x1a750000, 0x33df6000, 0x45200000)
   the space 416408K,  59% used [0x1a750000, 0x29b4d118, 0x29b4d200, 0x33df6000)
 Metaspace       used 45125K, committed 45568K, reserved 49152K
}
Event: 133.501 GC heap before
{Heap before GC invocations=627 (full 3):
 def new generation   total 187456K, used 166656K [0x05200000, 0x11d60000, 0x1a750000)
  eden space 166656K, 100% used [0x05200000, 0x0f4c0000, 0x0f4c0000)
  from space 20800K,   0% used [0x0f4c0000, 0x0f4c0000, 0x10910000)
  to   space 20800K,   0% used [0x10910000, 0x10910000, 0x11d60000)
 tenured generation   total 416408K, used 249844K [0x1a750000, 0x33df6000, 0x45200000)
   the space 416408K,  59% used [0x1a750000, 0x29b4d118, 0x29b4d200, 0x33df6000)
 Metaspace       used 45147K, committed 45632K, reserved 49152K
}
Event: 133.503 GC heap after
{Heap after GC invocations=628 (full 3):
 def new generation   total 187456K, used 160K [0x05200000, 0x11d60000, 0x1a750000)
  eden space 166656K,   0% used [0x05200000, 0x05200000, 0x0f4c0000)
  from space 20800K,   0% used [0x10910000, 0x10938098, 0x11d60000)
  to   space 20800K,   0% used [0x0f4c0000, 0x0f4c0000, 0x10910000)
 tenured generation   total 416408K, used 249844K [0x1a750000, 0x33df6000, 0x45200000)
   the space 416408K,  59% used [0x1a750000, 0x29b4d118, 0x29b4d200, 0x33df6000)
 Metaspace       used 45147K, committed 45632K, reserved 49152K
}
Event: 133.708 GC heap before
{Heap before GC invocations=628 (full 3):
 def new generation   total 187456K, used 166816K [0x05200000, 0x11d60000, 0x1a750000)
  eden space 166656K, 100% used [0x05200000, 0x0f4c0000, 0x0f4c0000)
  from space 20800K,   0% used [0x10910000, 0x10938098, 0x11d60000)
  to   space 20800K,   0% used [0x0f4c0000, 0x0f4c0000, 0x10910000)
 tenured generation   total 416408K, used 249844K [0x1a750000, 0x33df6000, 0x45200000)
   the space 416408K,  59% used [0x1a750000, 0x29b4d118, 0x29b4d200, 0x33df6000)
 Metaspace       used 45147K, committed 45632K, reserved 49152K
}
Event: 133.709 GC heap after
{Heap after GC invocations=629 (full 3):
 def new generation   total 187456K, used 185K [0x05200000, 0x11d60000, 0x1a750000)
  eden space 166656K,   0% used [0x05200000, 0x05200000, 0x0f4c0000)
  from space 20800K,   0% used [0x0f4c0000, 0x0f4ee690, 0x10910000)
  to   space 20800K,   0% used [0x10910000, 0x10910000, 0x11d60000)
 tenured generation   total 416408K, used 249844K [0x1a750000, 0x33df6000, 0x45200000)
   the space 416408K,  59% used [0x1a750000, 0x29b4d118, 0x29b4d200, 0x33df6000)
 Metaspace       used 45147K, committed 45632K, reserved 49152K
}
Event: 133.894 GC heap before
{Heap before GC invocations=629 (full 3):
 def new generation   total 187456K, used 166841K [0x05200000, 0x11d60000, 0x1a750000)
  eden space 166656K, 100% used [0x05200000, 0x0f4c0000, 0x0f4c0000)
  from space 20800K,   0% used [0x0f4c0000, 0x0f4ee690, 0x10910000)
  to   space 20800K,   0% used [0x10910000, 0x10910000, 0x11d60000)
 tenured generation   total 416408K, used 249844K [0x1a750000, 0x33df6000, 0x45200000)
   the space 416408K,  59% used [0x1a750000, 0x29b4d118, 0x29b4d200, 0x33df6000)
 Metaspace       used 45151K, committed 45632K, reserved 49152K
}
Event: 133.896 GC heap after
{Heap after GC invocations=630 (full 3):
 def new generation   total 187456K, used 355K [0x05200000, 0x11d60000, 0x1a750000)
  eden space 166656K,   0% used [0x05200000, 0x05200000, 0x0f4c0000)
  from space 20800K,   1% used [0x10910000, 0x10968ea0, 0x11d60000)
  to   space 20800K,   0% used [0x0f4c0000, 0x0f4c0000, 0x10910000)
 tenured generation   total 416408K, used 249844K [0x1a750000, 0x33df6000, 0x45200000)
   the space 416408K,  59% used [0x1a750000, 0x29b4d118, 0x29b4d200, 0x33df6000)
 Metaspace       used 45151K, committed 45632K, reserved 49152K
}
Event: 134.061 GC heap before
{Heap before GC invocations=630 (full 3):
 def new generation   total 187456K, used 167011K [0x05200000, 0x11d60000, 0x1a750000)
  eden space 166656K, 100% used [0x05200000, 0x0f4c0000, 0x0f4c0000)
  from space 20800K,   1% used [0x10910000, 0x10968ea0, 0x11d60000)
  to   space 20800K,   0% used [0x0f4c0000, 0x0f4c0000, 0x10910000)
 tenured generation   total 416408K, used 249844K [0x1a750000, 0x33df6000, 0x45200000)
   the space 416408K,  59% used [0x1a750000, 0x29b4d118, 0x29b4d200, 0x33df6000)
 Metaspace       used 45503K, committed 45952K, reserved 49152K
}
Event: 134.063 GC heap after
{Heap after GC invocations=631 (full 3):
 def new generation   total 187456K, used 592K [0x05200000, 0x11d60000, 0x1a750000)
  eden space 166656K,   0% used [0x05200000, 0x05200000, 0x0f4c0000)
  from space 20800K,   2% used [0x0f4c0000, 0x0f554138, 0x10910000)
  to   space 20800K,   0% used [0x10910000, 0x10910000, 0x11d60000)
 tenured generation   total 416408K, used 249844K [0x1a750000, 0x33df6000, 0x45200000)
   the space 416408K,  59% used [0x1a750000, 0x29b4d118, 0x29b4d200, 0x33df6000)
 Metaspace       used 45503K, committed 45952K, reserved 49152K
}
Event: 134.275 GC heap before
{Heap before GC invocations=631 (full 3):
 def new generation   total 187456K, used 167248K [0x05200000, 0x11d60000, 0x1a750000)
  eden space 166656K, 100% used [0x05200000, 0x0f4c0000, 0x0f4c0000)
  from space 20800K,   2% used [0x0f4c0000, 0x0f554138, 0x10910000)
  to   space 20800K,   0% used [0x10910000, 0x10910000, 0x11d60000)
 tenured generation   total 416408K, used 249844K [0x1a750000, 0x33df6000, 0x45200000)
   the space 416408K,  59% used [0x1a750000, 0x29b4d118, 0x29b4d200, 0x33df6000)
 Metaspace       used 46364K, committed 46784K, reserved 49152K
}
Event: 134.278 GC heap after
{Heap after GC invocations=632 (full 3):
 def new generation   total 187456K, used 956K [0x05200000, 0x11d60000, 0x1a750000)
  eden space 166656K,   0% used [0x05200000, 0x05200000, 0x0f4c0000)
  from space 20800K,   4% used [0x10910000, 0x109ff310, 0x11d60000)
  to   space 20800K,   0% used [0x0f4c0000, 0x0f4c0000, 0x10910000)
 tenured generation   total 416408K, used 249844K [0x1a750000, 0x33df6000, 0x45200000)
   the space 416408K,  59% used [0x1a750000, 0x29b4d118, 0x29b4d200, 0x33df6000)
 Metaspace       used 46364K, committed 46784K, reserved 49152K
}
Event: 134.463 GC heap before
{Heap before GC invocations=632 (full 3):
 def new generation   total 187456K, used 167612K [0x05200000, 0x11d60000, 0x1a750000)
  eden space 166656K, 100% used [0x05200000, 0x0f4c0000, 0x0f4c0000)
  from space 20800K,   4% used [0x10910000, 0x109ff310, 0x11d60000)
  to   space 20800K,   0% used [0x0f4c0000, 0x0f4c0000, 0x10910000)
 tenured generation   total 416408K, used 249844K [0x1a750000, 0x33df6000, 0x45200000)
   the space 416408K,  59% used [0x1a750000, 0x29b4d118, 0x29b4d200, 0x33df6000)
 Metaspace       used 47658K, committed 48064K, reserved 49152K
}
Event: 134.467 GC heap after
{Heap after GC invocations=633 (full 3):
 def new generation   total 187456K, used 1329K [0x05200000, 0x11d60000, 0x1a750000)
  eden space 166656K,   0% used [0x05200000, 0x05200000, 0x0f4c0000)
  from space 20800K,   6% used [0x0f4c0000, 0x0f60c5d0, 0x10910000)
  to   space 20800K,   0% used [0x10910000, 0x10910000, 0x11d60000)
 tenured generation   total 416408K, used 249844K [0x1a750000, 0x33df6000, 0x45200000)
   the space 416408K,  59% used [0x1a750000, 0x29b4d118, 0x29b4d200, 0x33df6000)
 Metaspace       used 47658K, committed 48064K, reserved 49152K
}

