# JRE version: OpenJDK Runtime Environment Temurin-17.0.1+12 (17.0.1+12) (build 17.0.1+12)
# Java VM: OpenJDK Client VM Temurin-17.0.1+12 (17.0.1+12, mixed mode, emulated-client, serial gc, windows-x86)
GC Precious Log:
 CPUs: 4 total, 4 available
 Memory: 8077M
 Large Page Support: Disabled
 NUMA Support: Disabled
 Compressed Oops: Disabled
 Heap Min Capacity: 512M
 Heap Initial Capacity: 512M
 Heap Max Capacity: 1024M
 Pre-touch: Disabled
Heap:
 def new generation   total 182144K, used 84346K [0x04600000, 0x10ba0000, 0x19b50000)
  eden space 161920K,  48% used [0x04600000, 0x092b5dd8, 0x0e420000)
  from space 20224K,  28% used [0x0e420000, 0x0e9c8d40, 0x0f7e0000)
  to   space 20224K,   0% used [0x0f7e0000, 0x0f7e0000, 0x10ba0000)
 tenured generation   total 404688K, used 295765K [0x19b50000, 0x32684000, 0x44600000)
   the space 404688K,  73% used [0x19b50000, 0x2bc25638, 0x2bc25800, 0x32684000)
 Metaspace       used 51970K, committed 52480K, reserved 57344K
GC Heap History (20 events):
Event: 191.950 GC heap before
{Heap before GC invocations=731 (full 4):
 def new generation   total 182144K, used 162326K [0x04600000, 0x10ba0000, 0x19b50000)
  eden space 161920K, 100% used [0x04600000, 0x0e420000, 0x0e420000)
  from space 20224K,   2% used [0x0f7e0000, 0x0f845b40, 0x10ba0000)
  to   space 20224K,   0% used [0x0e420000, 0x0e420000, 0x0f7e0000)
 tenured generation   total 404688K, used 295613K [0x19b50000, 0x32684000, 0x44600000)
   the space 404688K,  73% used [0x19b50000, 0x2bbff4c0, 0x2bbff600, 0x32684000)
 Metaspace       used 51947K, committed 52480K, reserved 57344K
}
Event: 191.953 GC heap after
{Heap after GC invocations=732 (full 4):
 def new generation   total 182144K, used 611K [0x04600000, 0x10ba0000, 0x19b50000)
  eden space 161920K,   0% used [0x04600000, 0x04600000, 0x0e420000)
  from space 20224K,   3% used [0x0e420000, 0x0e4b8e98, 0x0f7e0000)
  to   space 20224K,   0% used [0x0f7e0000, 0x0f7e0000, 0x10ba0000)
 tenured generation   total 404688K, used 295653K [0x19b50000, 0x32684000, 0x44600000)
   the space 404688K,  73% used [0x19b50000, 0x2bc09760, 0x2bc09800, 0x32684000)
 Metaspace       used 51947K, committed 52480K, reserved 57344K
}
Event: 192.209 GC heap before
{Heap before GC invocations=732 (full 4):
 def new generation   total 182144K, used 162531K [0x04600000, 0x10ba0000, 0x19b50000)
  eden space 161920K, 100% used [0x04600000, 0x0e420000, 0x0e420000)
  from space 20224K,   3% used [0x0e420000, 0x0e4b8e98, 0x0f7e0000)
  to   space 20224K,   0% used [0x0f7e0000, 0x0f7e0000, 0x10ba0000)
 tenured generation   total 404688K, used 295653K [0x19b50000, 0x32684000, 0x44600000)
   the space 404688K,  73% used [0x19b50000, 0x2bc09760, 0x2bc09800, 0x32684000)
 Metaspace       used 51947K, committed 52480K, reserved 57344K
}
Event: 192.211 GC heap after
{Heap after GC invocations=733 (full 4):
 def new generation   total 182144K, used 480K [0x04600000, 0x10ba0000, 0x19b50000)
  eden space 161920K,   0% used [0x04600000, 0x04600000, 0x0e420000)
  from space 20224K,   2% used [0x0f7e0000, 0x0f858318, 0x10ba0000)
  to   space 20224K,   0% used [0x0e420000, 0x0e420000, 0x0f7e0000)
 tenured generation   total 404688K, used 295671K [0x19b50000, 0x32684000, 0x44600000)
   the space 404688K,  73% used [0x19b50000, 0x2bc0dde8, 0x2bc0de00, 0x32684000)
 Metaspace       used 51947K, committed 52480K, reserved 57344K
}
Event: 192.482 GC heap before
{Heap before GC invocations=733 (full 4):
 def new generation   total 182144K, used 162400K [0x04600000, 0x10ba0000, 0x19b50000)
  eden space 161920K, 100% used [0x04600000, 0x0e420000, 0x0e420000)
  from space 20224K,   2% used [0x0f7e0000, 0x0f858318, 0x10ba0000)
  to   space 20224K,   0% used [0x0e420000, 0x0e420000, 0x0f7e0000)
 tenured generation   total 404688K, used 295671K [0x19b50000, 0x32684000, 0x44600000)
   the space 404688K,  73% used [0x19b50000, 0x2bc0dde8, 0x2bc0de00, 0x32684000)
 Metaspace       used 51947K, committed 52480K, reserved 57344K
}
Event: 192.484 GC heap after
{Heap after GC invocations=734 (full 4):
 def new generation   total 182144K, used 461K [0x04600000, 0x10ba0000, 0x19b50000)
  eden space 161920K,   0% used [0x04600000, 0x04600000, 0x0e420000)
  from space 20224K,   2% used [0x0e420000, 0x0e493440, 0x0f7e0000)
  to   space 20224K,   0% used [0x0f7e0000, 0x0f7e0000, 0x10ba0000)
 tenured generation   total 404688K, used 295677K [0x19b50000, 0x32684000, 0x44600000)
   the space 404688K,  73% used [0x19b50000, 0x2bc0f448, 0x2bc0f600, 0x32684000)
 Metaspace       used 51947K, committed 52480K, reserved 57344K
}
Event: 192.791 GC heap before
{Heap before GC invocations=734 (full 4):
 def new generation   total 182144K, used 162381K [0x04600000, 0x10ba0000, 0x19b50000)
  eden space 161920K, 100% used [0x04600000, 0x0e420000, 0x0e420000)
  from space 20224K,   2% used [0x0e420000, 0x0e493440, 0x0f7e0000)
  to   space 20224K,   0% used [0x0f7e0000, 0x0f7e0000, 0x10ba0000)
 tenured generation   total 404688K, used 295677K [0x19b50000, 0x32684000, 0x44600000)
   the space 404688K,  73% used [0x19b50000, 0x2bc0f448, 0x2bc0f600, 0x32684000)
 Metaspace       used 51947K, committed 52480K, reserved 57344K
}
Event: 192.794 GC heap after
{Heap after GC invocations=735 (full 4):
 def new generation   total 182144K, used 663K [0x04600000, 0x10ba0000, 0x19b50000)
  eden space 161920K,   0% used [0x04600000, 0x04600000, 0x0e420000)
  from space 20224K,   3% used [0x0f7e0000, 0x0f885d00, 0x10ba0000)
  to   space 20224K,   0% used [0x0e420000, 0x0e420000, 0x0f7e0000)
 tenured generation   total 404688K, used 295684K [0x19b50000, 0x32684000, 0x44600000)
   the space 404688K,  73% used [0x19b50000, 0x2bc110b0, 0x2bc11200, 0x32684000)
 Metaspace       used 51947K, committed 52480K, reserved 57344K
}
Event: 193.073 GC heap before
{Heap before GC invocations=735 (full 4):
 def new generation   total 182144K, used 162583K [0x04600000, 0x10ba0000, 0x19b50000)
  eden space 161920K, 100% used [0x04600000, 0x0e420000, 0x0e420000)
  from space 20224K,   3% used [0x0f7e0000, 0x0f885d00, 0x10ba0000)
  to   space 20224K,   0% used [0x0e420000, 0x0e420000, 0x0f7e0000)
 tenured generation   total 404688K, used 295684K [0x19b50000, 0x32684000, 0x44600000)
   the space 404688K,  73% used [0x19b50000, 0x2bc110b0, 0x2bc11200, 0x32684000)
 Metaspace       used 51947K, committed 52480K, reserved 57344K
}
Event: 193.075 GC heap after
{Heap after GC invocations=736 (full 4):
 def new generation   total 182144K, used 672K [0x04600000, 0x10ba0000, 0x19b50000)
  eden space 161920K,   0% used [0x04600000, 0x04600000, 0x0e420000)
  from space 20224K,   3% used [0x0e420000, 0x0e4c8140, 0x0f7e0000)
  to   space 20224K,   0% used [0x0f7e0000, 0x0f7e0000, 0x10ba0000)
 tenured generation   total 404688K, used 295685K [0x19b50000, 0x32684000, 0x44600000)
   the space 404688K,  73% used [0x19b50000, 0x2bc11790, 0x2bc11800, 0x32684000)
 Metaspace       used 51947K, committed 52480K, reserved 57344K
}
Event: 193.448 GC heap before
{Heap before GC invocations=736 (full 4):
 def new generation   total 182144K, used 162592K [0x04600000, 0x10ba0000, 0x19b50000)
  eden space 161920K, 100% used [0x04600000, 0x0e420000, 0x0e420000)
  from space 20224K,   3% used [0x0e420000, 0x0e4c8140, 0x0f7e0000)
  to   space 20224K,   0% used [0x0f7e0000, 0x0f7e0000, 0x10ba0000)
 tenured generation   total 404688K, used 295685K [0x19b50000, 0x32684000, 0x44600000)
   the space 404688K,  73% used [0x19b50000, 0x2bc11790, 0x2bc11800, 0x32684000)
 Metaspace       used 51947K, committed 52480K, reserved 57344K
}
Event: 193.450 GC heap after
{Heap after GC invocations=737 (full 4):
 def new generation   total 182144K, used 320K [0x04600000, 0x10ba0000, 0x19b50000)
  eden space 161920K,   0% used [0x04600000, 0x04600000, 0x0e420000)
  from space 20224K,   1% used [0x0f7e0000, 0x0f830180, 0x10ba0000)
  to   space 20224K,   0% used [0x0e420000, 0x0e420000, 0x0f7e0000)
 tenured generation   total 404688K, used 295709K [0x19b50000, 0x32684000, 0x44600000)
   the space 404688K,  73% used [0x19b50000, 0x2bc17600, 0x2bc17600, 0x32684000)
 Metaspace       used 51947K, committed 52480K, reserved 57344K
}
Event: 193.789 GC heap before
{Heap before GC invocations=737 (full 4):
 def new generation   total 182144K, used 162240K [0x04600000, 0x10ba0000, 0x19b50000)
  eden space 161920K, 100% used [0x04600000, 0x0e420000, 0x0e420000)
  from space 20224K,   1% used [0x0f7e0000, 0x0f830180, 0x10ba0000)
  to   space 20224K,   0% used [0x0e420000, 0x0e420000, 0x0f7e0000)
 tenured generation   total 404688K, used 295709K [0x19b50000, 0x32684000, 0x44600000)
   the space 404688K,  73% used [0x19b50000, 0x2bc17600, 0x2bc17600, 0x32684000)
 Metaspace       used 51963K, committed 52480K, reserved 57344K
}
Event: 193.792 GC heap after
{Heap after GC invocations=738 (full 4):
 def new generation   total 182144K, used 525K [0x04600000, 0x10ba0000, 0x19b50000)
  eden space 161920K,   0% used [0x04600000, 0x04600000, 0x0e420000)
  from space 20224K,   2% used [0x0e420000, 0x0e4a3740, 0x0f7e0000)
  to   space 20224K,   0% used [0x0f7e0000, 0x0f7e0000, 0x10ba0000)
 tenured generation   total 404688K, used 295741K [0x19b50000, 0x32684000, 0x44600000)
   the space 404688K,  73% used [0x19b50000, 0x2bc1f4c0, 0x2bc1f600, 0x32684000)
 Metaspace       used 51963K, committed 52480K, reserved 57344K
}
Event: 194.172 GC heap before
{Heap before GC invocations=738 (full 4):
 def new generation   total 182144K, used 162445K [0x04600000, 0x10ba0000, 0x19b50000)
  eden space 161920K, 100% used [0x04600000, 0x0e420000, 0x0e420000)
  from space 20224K,   2% used [0x0e420000, 0x0e4a3740, 0x0f7e0000)
  to   space 20224K,   0% used [0x0f7e0000, 0x0f7e0000, 0x10ba0000)
 tenured generation   total 404688K, used 295741K [0x19b50000, 0x32684000, 0x44600000)
   the space 404688K,  73% used [0x19b50000, 0x2bc1f4c0, 0x2bc1f600, 0x32684000)
 Metaspace       used 51963K, committed 52480K, reserved 57344K
}
Event: 194.175 GC heap after
{Heap after GC invocations=739 (full 4):
 def new generation   total 182144K, used 1128K [0x04600000, 0x10ba0000, 0x19b50000)
  eden space 161920K,   0% used [0x04600000, 0x04600000, 0x0e420000)
  from space 20224K,   5% used [0x0f7e0000, 0x0f8fa230, 0x10ba0000)
  to   space 20224K,   0% used [0x0e420000, 0x0e420000, 0x0f7e0000)
 tenured generation   total 404688K, used 295746K [0x19b50000, 0x32684000, 0x44600000)
   the space 404688K,  73% used [0x19b50000, 0x2bc20800, 0x2bc20800, 0x32684000)
 Metaspace       used 51963K, committed 52480K, reserved 57344K
}
Event: 194.604 GC heap before
{Heap before GC invocations=739 (full 4):
 def new generation   total 182144K, used 163048K [0x04600000, 0x10ba0000, 0x19b50000)
  eden space 161920K, 100% used [0x04600000, 0x0e420000, 0x0e420000)
  from space 20224K,   5% used [0x0f7e0000, 0x0f8fa230, 0x10ba0000)
  to   space 20224K,   0% used [0x0e420000, 0x0e420000, 0x0f7e0000)
 tenured generation   total 404688K, used 295746K [0x19b50000, 0x32684000, 0x44600000)
   the space 404688K,  73% used [0x19b50000, 0x2bc20800, 0x2bc20800, 0x32684000)
 Metaspace       used 51969K, committed 52480K, reserved 57344K
}
Event: 194.607 GC heap after
{Heap after GC invocations=740 (full 4):
 def new generation   total 182144K, used 1392K [0x04600000, 0x10ba0000, 0x19b50000)
  eden space 161920K,   0% used [0x04600000, 0x04600000, 0x0e420000)
  from space 20224K,   6% used [0x0e420000, 0x0e57c1a0, 0x0f7e0000)
  to   space 20224K,   0% used [0x0f7e0000, 0x0f7e0000, 0x10ba0000)
 tenured generation   total 404688K, used 295748K [0x19b50000, 0x32684000, 0x44600000)
   the space 404688K,  73% used [0x19b50000, 0x2bc21078, 0x2bc21200, 0x32684000)
 Metaspace       used 51969K, committed 52480K, reserved 57344K
}
Event: 194.987 GC heap before
{Heap before GC invocations=740 (full 4):
 def new generation   total 182144K, used 163312K [0x04600000, 0x10ba0000, 0x19b50000)
  eden space 161920K, 100% used [0x04600000, 0x0e420000, 0x0e420000)
  from space 20224K,   6% used [0x0e420000, 0x0e57c1a0, 0x0f7e0000)
  to   space 20224K,   0% used [0x0f7e0000, 0x0f7e0000, 0x10ba0000)
 tenured generation   total 404688K, used 295748K [0x19b50000, 0x32684000, 0x44600000)
   the space 404688K,  73% used [0x19b50000, 0x2bc21078, 0x2bc21200, 0x32684000)
 Metaspace       used 51970K, committed 52480K, reserved 57344K
}
Event: 194.997 GC heap after
{Heap after GC invocations=741 (full 4):
 def new generation   total 182144K, used 4297K [0x04600000, 0x10ba0000, 0x19b50000)
  eden space 161920K,   0% used [0x04600000, 0x04600000, 0x0e420000)
  from space 20224K,  21% used [0x0f7e0000, 0x0fc12738, 0x10ba0000)
  to   space 20224K,   0% used [0x0e420000, 0x0e420000, 0x0f7e0000)
 tenured generation   total 404688K, used 295748K [0x19b50000, 0x32684000, 0x44600000)
   the space 404688K,  73% used [0x19b50000, 0x2bc21268, 0x2bc21400, 0x32684000)
 Metaspace       used 51970K, committed 52480K, reserved 57344K
}

